# JRE version: Java(TM) SE Runtime Environment (8.0_171-b11) (build 1.8.0_171-b11)
# Java VM: Java HotSpot(TM) 64-Bit Server VM (25.171-b11 mixed mode windows-amd64 compressed oops)
Heap:
 PSYoungGen      total 704512K, used 451439K [0x000000076b300000, 0x000000079a500000, 0x00000007c0000000)
  eden space 668672K, 67% used [0x000000076b300000,0x0000000786bdbdf8,0x0000000794000000)
  from space 35840K, 0% used [0x0000000798200000,0x0000000798200000,0x000000079a500000)
  to   space 51712K, 0% used [0x0000000794000000,0x0000000794000000,0x0000000797280000)
 ParOldGen       total 232960K, used 42806K [0x00000006c1800000, 0x00000006cfb80000, 0x000000076b300000)
  object space 232960K, 18% used [0x00000006c1800000,0x00000006c41cda48,0x00000006cfb80000)
 Metaspace       used 64036K, capacity 65620K, committed 65920K, reserved 1107968K
  class space    used 7652K, capacity 7996K, committed 8064K, reserved 1048576K
GC Heap History (10 events):
Event: 32.831 GC heap before
{Heap before GC invocations=19 (full 2):
 PSYoungGen      total 470016K, used 470003K [0x000000076b300000, 0x000000078ba00000, 0x00000007c0000000)
  eden space 450048K, 100% used [0x000000076b300000,0x0000000786a80000,0x0000000786a80000)
  from space 19968K, 99% used [0x0000000788980000,0x0000000789cfcd80,0x0000000789d00000)
  to   space 31744K, 0% used [0x0000000786a80000,0x0000000786a80000,0x0000000788980000)
 ParOldGen       total 158720K, used 50879K [0x00000006c1800000, 0x00000006cb300000, 0x000000076b300000)
  object space 158720K, 32% used [0x00000006c1800000,0x00000006c49afd28,0x00000006cb300000)
 Metaspace       used 47285K, capacity 48110K, committed 48384K, reserved 1091584K
  class space    used 5629K, capacity 5857K, committed 5888K, reserved 1048576K
Event: 32.904 GC heap after
Heap after GC invocations=19 (full 2):
 PSYoungGen      total 481792K, used 31714K [0x000000076b300000, 0x0000000793900000, 0x00000007c0000000)
  eden space 450048K, 0% used [0x000000076b300000,0x000000076b300000,0x0000000786a80000)
  from space 31744K, 99% used [0x0000000786a80000,0x0000000788978968,0x0000000788980000)
  to   space 49152K, 0% used [0x0000000790900000,0x0000000790900000,0x0000000793900000)
 ParOldGen       total 158720K, used 84498K [0x00000006c1800000, 0x00000006cb300000, 0x000000076b300000)
  object space 158720K, 53% used [0x00000006c1800000,0x00000006c6a84990,0x00000006cb300000)
 Metaspace       used 47285K, capacity 48110K, committed 48384K, reserved 1091584K
  class space    used 5629K, capacity 5857K, committed 5888K, reserved 1048576K
}
Event: 36.622 GC heap before
{Heap before GC invocations=20 (full 2):
 PSYoungGen      total 481792K, used 481762K [0x000000076b300000, 0x0000000793900000, 0x00000007c0000000)
  eden space 450048K, 100% used [0x000000076b300000,0x0000000786a80000,0x0000000786a80000)
  from space 31744K, 99% used [0x0000000786a80000,0x0000000788978968,0x0000000788980000)
  to   space 49152K, 0% used [0x0000000790900000,0x0000000790900000,0x0000000793900000)
 ParOldGen       total 158720K, used 84498K [0x00000006c1800000, 0x00000006cb300000, 0x000000076b300000)
  object space 158720K, 53% used [0x00000006c1800000,0x00000006c6a84990,0x00000006cb300000)
 Metaspace       used 48618K, capacity 49540K, committed 49792K, reserved 1093632K
  class space    used 5722K, capacity 5956K, committed 6016K, reserved 1048576K
Event: 36.677 GC heap after
Heap after GC invocations=20 (full 2):
 PSYoungGen      total 606208K, used 43196K [0x000000076b300000, 0x0000000794280000, 0x00000007c0000000)
  eden space 557056K, 0% used [0x000000076b300000,0x000000076b300000,0x000000078d300000)
  from space 49152K, 87% used [0x0000000790900000,0x000000079332f198,0x0000000793900000)
  to   space 55296K, 0% used [0x000000078d300000,0x000000078d300000,0x0000000790900000)
 ParOldGen       total 158720K, used 86274K [0x00000006c1800000, 0x00000006cb300000, 0x000000076b300000)
  object space 158720K, 54% used [0x00000006c1800000,0x00000006c6c409e0,0x00000006cb300000)
 Metaspace       used 48618K, capacity 49540K, committed 49792K, reserved 1093632K
  class space    used 5722K, capacity 5956K, committed 6016K, reserved 1048576K
}
Event: 42.358 GC heap before
{Heap before GC invocations=21 (full 2):
 PSYoungGen      total 606208K, used 600252K [0x000000076b300000, 0x0000000794280000, 0x00000007c0000000)
  eden space 557056K, 100% used [0x000000076b300000,0x000000078d300000,0x000000078d300000)
  from space 49152K, 87% used [0x0000000790900000,0x000000079332f198,0x0000000793900000)
  to   space 55296K, 0% used [0x000000078d300000,0x000000078d300000,0x0000000790900000)
 ParOldGen       total 158720K, used 86274K [0x00000006c1800000, 0x00000006cb300000, 0x000000076b300000)
  object space 158720K, 54% used [0x00000006c1800000,0x00000006c6c409e0,0x00000006cb300000)
 Metaspace       used 52492K, capacity 53488K, committed 53632K, reserved 1095680K
  class space    used 6253K, capacity 6470K, committed 6528K, reserved 1048576K
Event: 42.387 GC heap after
Heap after GC invocations=21 (full 2):
 PSYoungGen      total 612352K, used 15657K [0x000000076b300000, 0x000000079b580000, 0x00000007c0000000)
  eden space 557056K, 0% used [0x000000076b300000,0x000000076b300000,0x000000078d300000)
  from space 55296K, 28% used [0x000000078d300000,0x000000078e24a740,0x0000000790900000)
  to   space 52736K, 0% used [0x0000000798200000,0x0000000798200000,0x000000079b580000)
 ParOldGen       total 158720K, used 89442K [0x00000006c1800000, 0x00000006cb300000, 0x000000076b300000)
  object space 158720K, 56% used [0x00000006c1800000,0x00000006c6f58b08,0x00000006cb300000)
 Metaspace       used 52492K, capacity 53488K, committed 53632K, reserved 1095680K
  class space    used 6253K, capacity 6470K, committed 6528K, reserved 1048576K
}
Event: 58.557 GC heap before
{Heap before GC invocations=22 (full 2):
 PSYoungGen      total 612352K, used 549290K [0x000000076b300000, 0x000000079b580000, 0x00000007c0000000)
  eden space 557056K, 95% used [0x000000076b300000,0x000000078bc20328,0x000000078d300000)
  from space 55296K, 28% used [0x000000078d300000,0x000000078e24a740,0x0000000790900000)
  to   space 52736K, 0% used [0x0000000798200000,0x0000000798200000,0x000000079b580000)
 ParOldGen       total 158720K, used 89442K [0x00000006c1800000, 0x00000006cb300000, 0x000000076b300000)
  object space 158720K, 56% used [0x00000006c1800000,0x00000006c6f58b08,0x00000006cb300000)
 Metaspace       used 57929K, capacity 59022K, committed 59096K, reserved 1101824K
  class space    used 6994K, capacity 7255K, committed 7296K, reserved 1048576K
Event: 58.571 GC heap after
Heap after GC invocations=22 (full 2):
 PSYoungGen      total 704512K, used 7800K [0x000000076b300000, 0x000000079a500000, 0x00000007c0000000)
  eden space 668672K, 0% used [0x000000076b300000,0x000000076b300000,0x0000000794000000)
  from space 35840K, 21% used [0x0000000798200000,0x000000079899e030,0x000000079a500000)
  to   space 51712K, 0% used [0x0000000794000000,0x0000000794000000,0x0000000797280000)
 ParOldGen       total 158720K, used 92398K [0x00000006c1800000, 0x00000006cb300000, 0x000000076b300000)
  object space 158720K, 58% used [0x00000006c1800000,0x00000006c723ba28,0x00000006cb300000)
 Metaspace       used 57929K, capacity 59022K, committed 59096K, reserved 1101824K
  class space    used 6994K, capacity 7255K, committed 7296K, reserved 1048576K
}
Event: 58.571 GC heap before
{Heap before GC invocations=23 (full 3):
 PSYoungGen      total 704512K, used 7800K [0x000000076b300000, 0x000000079a500000, 0x00000007c0000000)
  eden space 668672K, 0% used [0x000000076b300000,0x000000076b300000,0x0000000794000000)
  from space 35840K, 21% used [0x0000000798200000,0x000000079899e030,0x000000079a500000)
  to   space 51712K, 0% used [0x0000000794000000,0x0000000794000000,0x0000000797280000)
 ParOldGen       total 158720K, used 92398K [0x00000006c1800000, 0x00000006cb300000, 0x000000076b300000)
  object space 158720K, 58% used [0x00000006c1800000,0x00000006c723ba28,0x00000006cb300000)
 Metaspace       used 57929K, capacity 59022K, committed 59096K, reserved 1101824K
  class space    used 6994K, capacity 7255K, committed 7296K, reserved 1048576K
Event: 58.803 GC heap after
Heap after GC invocations=23 (full 3):
 PSYoungGen      total 704512K, used 0K [0x000000076b300000, 0x000000079a500000, 0x00000007c0000000)
  eden space 668672K, 0% used [0x000000076b300000,0x000000076b300000,0x0000000794000000)
  from space 35840K, 0% used [0x0000000798200000,0x0000000798200000,0x000000079a500000)
  to   space 51712K, 0% used [0x0000000794000000,0x0000000794000000,0x0000000797280000)
 ParOldGen       total 232960K, used 42806K [0x00000006c1800000, 0x00000006cfb80000, 0x000000076b300000)
  object space 232960K, 18% used [0x00000006c1800000,0x00000006c41cda48,0x00000006cfb80000)
 Metaspace       used 57929K, capacity 59022K, committed 59096K, reserved 1101824K
  class space    used 6994K, capacity 7255K, committed 7296K, reserved 1048576K
}

